0 info it worked if it ends with ok
1 verbose cli [ 'C:\\Program Files\\nodejs\\node.exe',
1 verbose cli   'C:\\Users\\darkprince\\AppData\\Roaming\\npm\\node_modules\\npm\\bin\\npm-cli.js',
1 verbose cli   'publish' ]
2 info using npm@3.7.5
3 info using node@v5.7.0
4 verbose publish [ '.' ]
5 silly cache add args [ '.', null ]
6 verbose cache add spec .
7 silly cache add parsed spec Result {
7 silly cache add   raw: '.',
7 silly cache add   scope: null,
7 silly cache add   name: null,
7 silly cache add   rawSpec: '.',
7 silly cache add   spec: 'C:\\Users\\darkprince\\Documents\\GitHub\\structjs',
7 silly cache add   type: 'directory' }
8 verbose addLocalDirectory C:\Users\darkprince\AppData\Roaming\npm-cache\struct--js\1.1.0\package.tgz not in flight; packing
9 verbose correctMkdir C:\Users\darkprince\AppData\Roaming\npm-cache correctMkdir not in flight; initializing
10 info lifecycle struct--js@1.1.0~prepublish: struct--js@1.1.0
11 silly lifecycle struct--js@1.1.0~prepublish: no script for prepublish, continuing
12 verbose tar pack [ 'C:\\Users\\darkprince\\AppData\\Roaming\\npm-cache\\struct--js\\1.1.0\\package.tgz',
12 verbose tar pack   'C:\\Users\\darkprince\\Documents\\GitHub\\structjs' ]
13 verbose tarball C:\Users\darkprince\AppData\Roaming\npm-cache\struct--js\1.1.0\package.tgz
14 verbose folder C:\Users\darkprince\Documents\GitHub\structjs
15 verbose addLocalTarball adding from inside cache C:\Users\darkprince\AppData\Roaming\npm-cache\struct--js\1.1.0\package.tgz
16 verbose correctMkdir C:\Users\darkprince\AppData\Roaming\npm-cache correctMkdir not in flight; initializing
17 silly cache afterAdd struct--js@1.1.0
18 verbose afterAdd C:\Users\darkprince\AppData\Roaming\npm-cache\struct--js\1.1.0\package\package.json not in flight; writing
19 verbose correctMkdir C:\Users\darkprince\AppData\Roaming\npm-cache correctMkdir not in flight; initializing
20 verbose afterAdd C:\Users\darkprince\AppData\Roaming\npm-cache\struct--js\1.1.0\package\package.json written
21 silly publish { name: 'struct--js',
21 silly publish   version: '1.1.0',
21 silly publish   description: 'A Javascript library for using classic Data Structures',
21 silly publish   main: 'index.js',
21 silly publish   scripts: { test: 'echo "Error: no test specified" && exit 1' },
21 silly publish   repository:
21 silly publish    { type: 'git',
21 silly publish      url: 'git+https://github.com/DarkPrince304/structjs.git' },
21 silly publish   keywords:
21 silly publish    [ 'data',
21 silly publish      'structures',
21 silly publish      'javascript',
21 silly publish      'library',
21 silly publish      'queue',
21 silly publish      'stack',
21 silly publish      'trie',
21 silly publish      'heap',
21 silly publish      'priority',
21 silly publish      'segment',
21 silly publish      'tree',
21 silly publish      'binary',
21 silly publish      'avl' ],
21 silly publish   author: { name: 'Sanchit Kapoor', email: 'sanchitlucknow@gmail.com' },
21 silly publish   license: 'MIT',
21 silly publish   bugs: { url: 'https://github.com/DarkPrince304/structjs/issues' },
21 silly publish   homepage: 'https://github.com/DarkPrince304/structjs#readme',
21 silly publish   devDependencies:
21 silly publish    { gulp: '^3.9.1',
21 silly publish      'gulp-concat': '^2.6.0',
21 silly publish      'gulp-rename': '^1.2.2',
21 silly publish      'gulp-uglify': '^1.5.3',
21 silly publish      'gulp-umd': '^0.2.0' },
21 silly publish   dependencies: { d3: '^3.5.16' },
21 silly publish   readme: '# StructJS : A Javascript library for using classic data structures.\r\n[![License](http://img.shields.io/:license-mit-blue.svg)](http://doge.mit-license.org)\r\n',
21 silly publish   readmeFilename: 'README.md',
21 silly publish   gitHead: '5cd7376e5d15bde91d27fbe0734200fa5504cb6e',
21 silly publish   _id: 'struct--js@1.1.0',
21 silly publish   _shasum: 'e56b8f69b63d5050748b1a84e039f2c23f1f2f13',
21 silly publish   _from: '.' }
22 verbose getPublishConfig undefined
23 silly mapToRegistry name struct--js
24 silly mapToRegistry using default registry
25 silly mapToRegistry registry http://registry.npmjs.org/
26 silly mapToRegistry uri http://registry.npmjs.org/struct--js
27 verbose publish registryBase http://registry.npmjs.org/
28 silly publish uploading C:\Users\darkprince\AppData\Roaming\npm-cache\struct--js\1.1.0\package.tgz
29 verbose request uri http://registry.npmjs.org/struct--js
30 verbose request sending authorization for write operation
31 info attempt registry request try #1 at 1:51:36 PM
32 verbose request using bearer token for auth
33 verbose request id 9d130bfd14aae046
34 http request PUT http://registry.npmjs.org/struct--js
35 http 403 http://registry.npmjs.org/struct--js
36 verbose headers { 'content-type': 'application/json',
36 verbose headers   'cache-control': 'max-age=300',
36 verbose headers   'content-length': '95',
36 verbose headers   'accept-ranges': 'bytes',
36 verbose headers   date: 'Tue, 24 May 2016 08:21:38 GMT',
36 verbose headers   via: '1.1 varnish',
36 verbose headers   connection: 'keep-alive',
36 verbose headers   'x-served-by': 'cache-sin6923-SIN',
36 verbose headers   'x-cache': 'MISS',
36 verbose headers   'x-cache-hits': '0',
36 verbose headers   'x-timer': 'S1464078097.140082,VS0,VE889',
36 verbose headers   vary: 'Accept-Encoding' }
37 verbose request invalidating C:\Users\darkprince\AppData\Roaming\npm-cache\registry.npmjs.org\struct--js on PUT
38 error publish Failed PUT 403
39 verbose stack Error: "You cannot publish over the previously published version 1.1.0." : struct--js
39 verbose stack     at makeError (C:\Users\darkprince\AppData\Roaming\npm\node_modules\npm\node_modules\npm-registry-client\lib\request.js:264:12)
39 verbose stack     at CachingRegistryClient.<anonymous> (C:\Users\darkprince\AppData\Roaming\npm\node_modules\npm\node_modules\npm-registry-client\lib\request.js:252:14)
39 verbose stack     at Request._callback (C:\Users\darkprince\AppData\Roaming\npm\node_modules\npm\node_modules\npm-registry-client\lib\request.js:172:14)
39 verbose stack     at Request.self.callback (C:\Users\darkprince\AppData\Roaming\npm\node_modules\npm\node_modules\request\request.js:199:22)
39 verbose stack     at emitTwo (events.js:100:13)
39 verbose stack     at Request.emit (events.js:185:7)
39 verbose stack     at Request.<anonymous> (C:\Users\darkprince\AppData\Roaming\npm\node_modules\npm\node_modules\request\request.js:1036:10)
39 verbose stack     at emitOne (events.js:95:20)
39 verbose stack     at Request.emit (events.js:182:7)
39 verbose stack     at IncomingMessage.<anonymous> (C:\Users\darkprince\AppData\Roaming\npm\node_modules\npm\node_modules\request\request.js:963:12)
40 verbose statusCode 403
41 verbose pkgid struct--js
42 verbose cwd C:\Users\darkprince\Documents\GitHub\structjs
43 error Windows_NT 6.3.9600
44 error argv "C:\\Program Files\\nodejs\\node.exe" "C:\\Users\\darkprince\\AppData\\Roaming\\npm\\node_modules\\npm\\bin\\npm-cli.js" "publish"
45 error node v5.7.0
46 error npm  v3.7.5
47 error code E403
48 error "You cannot publish over the previously published version 1.1.0." : struct--js
49 error If you need help, you may report this error at:
49 error     <https://github.com/npm/npm/issues>
50 verbose exit [ 1, true ]
